2024-08-17 15:18:54,463 INFO o.a.j.u.JMeterUtils: Setting Locale to en_EN
2024-08-17 15:18:54,557 INFO o.a.j.JMeter: Loading user properties from: user.properties
2024-08-17 15:18:54,558 INFO o.a.j.JMeter: Loading system properties from: system.properties
2024-08-17 15:18:54,574 INFO o.a.j.JMeter: Copyright (c) 1998-2024 The Apache Software Foundation
2024-08-17 15:18:54,575 INFO o.a.j.JMeter: Version 5.6.3
2024-08-17 15:18:54,575 INFO o.a.j.JMeter: java.version=22.0.2
2024-08-17 15:18:54,575 INFO o.a.j.JMeter: java.vm.name=Java HotSpot(TM) 64-Bit Server VM
2024-08-17 15:18:54,575 INFO o.a.j.JMeter: os.name=Windows 11
2024-08-17 15:18:54,575 INFO o.a.j.JMeter: os.arch=amd64
2024-08-17 15:18:54,575 INFO o.a.j.JMeter: os.version=10.0
2024-08-17 15:18:54,576 INFO o.a.j.JMeter: file.encoding=UTF-8
2024-08-17 15:18:54,576 INFO o.a.j.JMeter: java.awt.headless=null
2024-08-17 15:18:54,576 INFO o.a.j.JMeter: Max memory     =1073741824
2024-08-17 15:18:54,576 INFO o.a.j.JMeter: Available Processors =22
2024-08-17 15:18:54,591 INFO o.a.j.JMeter: Default Locale=English (EN)
2024-08-17 15:18:54,591 INFO o.a.j.JMeter: JMeter  Locale=English (EN)
2024-08-17 15:18:54,591 INFO o.a.j.JMeter: JMeterHome=D:\microservice\apache-jmeter-5.6.3\apache-jmeter-5.6.3
2024-08-17 15:18:54,591 INFO o.a.j.JMeter: user.dir  =D:\microservice\apache-jmeter-5.6.3\apache-jmeter-5.6.3\bin
2024-08-17 15:18:54,592 INFO o.a.j.JMeter: PWD       =D:\microservice\apache-jmeter-5.6.3\apache-jmeter-5.6.3\bin
2024-08-17 15:18:54,593 INFO o.a.j.JMeter: IP: 192.168.224.27 Name: DESKTOP-43HR1TQ FullName: DESKTOP-43HR1TQ
2024-08-17 15:18:54,605 INFO o.a.j.JMeter: Loaded icon properties from org/apache/jmeter/images/icon.properties
2024-08-17 15:18:55,049 INFO o.a.j.JMeterGuiLauncher: Setting LAF to: com.github.weisj.darklaf.DarkLaf:com.github.weisj.darklaf.theme.DarculaTheme
2024-08-17 15:20:55,723 INFO o.a.j.e.u.CompoundVariable: Note: Function class names must contain the string: '.functions.'
2024-08-17 15:20:55,724 INFO o.a.j.e.u.CompoundVariable: Note: Function class names must not contain the string: '.gui.'
2024-08-17 15:21:05,416 INFO o.a.j.p.h.s.HTTPSamplerBase: Parser for text/html is org.apache.jmeter.protocol.http.parser.LagartoBasedHtmlParser
2024-08-17 15:21:05,416 INFO o.a.j.p.h.s.HTTPSamplerBase: Parser for application/xhtml+xml is org.apache.jmeter.protocol.http.parser.LagartoBasedHtmlParser
2024-08-17 15:21:05,416 INFO o.a.j.p.h.s.HTTPSamplerBase: Parser for application/xml is org.apache.jmeter.protocol.http.parser.LagartoBasedHtmlParser
2024-08-17 15:21:05,416 INFO o.a.j.p.h.s.HTTPSamplerBase: Parser for text/xml is org.apache.jmeter.protocol.http.parser.LagartoBasedHtmlParser
2024-08-17 15:21:05,417 INFO o.a.j.p.h.s.HTTPSamplerBase: Parser for text/vnd.wap.wml is org.apache.jmeter.protocol.http.parser.RegexpHTMLParser
2024-08-17 15:21:05,417 INFO o.a.j.p.h.s.HTTPSamplerBase: Parser for text/css is org.apache.jmeter.protocol.http.parser.CssParser
2024-08-17 15:25:37,283 INFO o.a.j.s.SampleResult: Note: Sample TimeStamps are START times
2024-08-17 15:25:37,284 INFO o.a.j.s.SampleResult: sampleresult.default.encoding is set to UTF-8
2024-08-17 15:25:37,284 INFO o.a.j.s.SampleResult: sampleresult.useNanoTime=true
2024-08-17 15:25:37,284 INFO o.a.j.s.SampleResult: sampleresult.nanoThreadSleep=5000
2024-08-17 15:26:50,303 INFO o.a.j.s.FileServer: Default base='D:\microservice\apache-jmeter-5.6.3\apache-jmeter-5.6.3\bin'
2024-08-17 15:26:50,305 INFO o.a.j.s.FileServer: Set new base='D:\microservice\apache-jmeter-5.6.3\apache-jmeter-5.6.3\bin'
2024-08-17 15:26:50,704 INFO o.a.j.s.SaveService: Testplan (JMX) version: 2.2. Testlog (JTL) version: 2.2
2024-08-17 15:26:50,744 INFO o.a.j.s.SaveService: Using SaveService properties version 5.0
2024-08-17 15:26:50,746 INFO o.a.j.s.SaveService: Using SaveService properties file encoding UTF-8
2024-08-17 15:26:50,779 INFO o.a.j.e.StandardJMeterEngine: Running the test!
2024-08-17 15:26:50,780 INFO o.a.j.s.SampleEvent: List of sample_variables: []
2024-08-17 15:26:50,780 INFO o.a.j.s.SampleEvent: List of sample_variables: []
2024-08-17 15:26:50,784 INFO o.a.j.g.u.JMeterMenuBar: setRunning(true, *local*)
2024-08-17 15:26:50,842 INFO o.a.j.e.StandardJMeterEngine: Starting ThreadGroup: 1 : Thread Group
2024-08-17 15:26:50,844 INFO o.a.j.e.StandardJMeterEngine: Starting 15 threads for group Thread Group.
2024-08-17 15:26:50,846 INFO o.a.j.e.StandardJMeterEngine: Thread will continue on error
2024-08-17 15:26:50,849 INFO o.a.j.t.ThreadGroup: Starting thread group... number=1 threads=15 ramp-up=1 delayedStart=false
2024-08-17 15:26:50,857 INFO o.a.j.t.JMeterThread: Thread started: Thread Group 1-1
2024-08-17 15:26:50,861 INFO o.a.j.t.ThreadGroup: Started thread group number 1
2024-08-17 15:26:50,861 INFO o.a.j.e.StandardJMeterEngine: All thread groups have been started
2024-08-17 15:26:50,882 INFO o.a.j.p.h.s.HTTPHCAbstractImpl: Local host = DESKTOP-43HR1TQ
2024-08-17 15:26:50,892 INFO o.a.j.p.h.s.HTTPHC4Impl: HTTP request retry count = 0
2024-08-17 15:26:50,921 INFO o.a.j.t.JMeterThread: Thread started: Thread Group 1-2
2024-08-17 15:26:50,986 INFO o.a.j.t.JMeterThread: Thread started: Thread Group 1-3
2024-08-17 15:26:51,055 INFO o.a.j.t.JMeterThread: Thread started: Thread Group 1-4
2024-08-17 15:26:51,125 INFO o.a.j.t.JMeterThread: Thread started: Thread Group 1-5
2024-08-17 15:26:51,191 INFO o.a.j.t.JMeterThread: Thread started: Thread Group 1-6
2024-08-17 15:26:51,259 INFO o.a.j.t.JMeterThread: Thread started: Thread Group 1-7
2024-08-17 15:26:51,321 INFO o.a.j.t.JMeterThread: Thread started: Thread Group 1-8
2024-08-17 15:26:51,388 INFO o.a.j.t.JMeterThread: Thread started: Thread Group 1-9
2024-08-17 15:26:51,457 INFO o.a.j.t.JMeterThread: Thread started: Thread Group 1-10
2024-08-17 15:26:51,523 INFO o.a.j.t.JMeterThread: Thread started: Thread Group 1-11
2024-08-17 15:26:51,590 INFO o.a.j.t.JMeterThread: Thread started: Thread Group 1-12
2024-08-17 15:26:51,660 INFO o.a.j.t.JMeterThread: Thread started: Thread Group 1-13
2024-08-17 15:26:51,726 INFO o.a.j.t.JMeterThread: Thread started: Thread Group 1-14
2024-08-17 15:26:51,791 INFO o.a.j.t.JMeterThread: Thread started: Thread Group 1-15
2024-08-17 15:26:52,175 INFO o.a.j.t.JMeterThread: Thread is done: Thread Group 1-2
2024-08-17 15:26:52,175 INFO o.a.j.t.JMeterThread: Thread finished: Thread Group 1-2
2024-08-17 15:26:52,177 INFO o.a.j.t.JMeterThread: Thread is done: Thread Group 1-4
2024-08-17 15:26:52,177 INFO o.a.j.t.JMeterThread: Thread finished: Thread Group 1-4
2024-08-17 15:26:52,220 INFO o.a.j.t.JMeterThread: Thread is done: Thread Group 1-3
2024-08-17 15:26:52,221 INFO o.a.j.t.JMeterThread: Thread finished: Thread Group 1-3
2024-08-17 15:26:52,262 INFO o.a.j.t.JMeterThread: Thread is done: Thread Group 1-5
2024-08-17 15:26:52,263 INFO o.a.j.t.JMeterThread: Thread finished: Thread Group 1-5
2024-08-17 15:26:52,290 INFO o.a.j.t.JMeterThread: Thread is done: Thread Group 1-6
2024-08-17 15:26:52,291 INFO o.a.j.t.JMeterThread: Thread finished: Thread Group 1-6
2024-08-17 15:26:52,293 INFO o.a.j.t.JMeterThread: Thread is done: Thread Group 1-1
2024-08-17 15:26:52,293 INFO o.a.j.t.JMeterThread: Thread finished: Thread Group 1-1
2024-08-17 15:26:52,365 INFO o.a.j.t.JMeterThread: Thread is done: Thread Group 1-7
2024-08-17 15:26:52,366 INFO o.a.j.t.JMeterThread: Thread finished: Thread Group 1-7
2024-08-17 15:26:52,497 INFO o.a.j.t.JMeterThread: Thread is done: Thread Group 1-8
2024-08-17 15:26:52,498 INFO o.a.j.t.JMeterThread: Thread finished: Thread Group 1-8
2024-08-17 15:26:52,499 INFO o.a.j.t.JMeterThread: Thread is done: Thread Group 1-9
2024-08-17 15:26:52,499 INFO o.a.j.t.JMeterThread: Thread finished: Thread Group 1-9
2024-08-17 15:26:52,608 INFO o.a.j.t.JMeterThread: Thread is done: Thread Group 1-10
2024-08-17 15:26:52,608 INFO o.a.j.t.JMeterThread: Thread finished: Thread Group 1-10
2024-08-17 15:26:53,296 INFO o.a.j.t.JMeterThread: Thread is done: Thread Group 1-12
2024-08-17 15:26:53,296 INFO o.a.j.t.JMeterThread: Thread finished: Thread Group 1-12
2024-08-17 15:26:53,316 INFO o.a.j.t.JMeterThread: Thread is done: Thread Group 1-11
2024-08-17 15:26:53,317 INFO o.a.j.t.JMeterThread: Thread finished: Thread Group 1-11
2024-08-17 15:26:53,334 INFO o.a.j.t.JMeterThread: Thread is done: Thread Group 1-13
2024-08-17 15:26:53,335 INFO o.a.j.t.JMeterThread: Thread finished: Thread Group 1-13
2024-08-17 15:26:53,366 INFO o.a.j.t.JMeterThread: Thread is done: Thread Group 1-14
2024-08-17 15:26:53,366 INFO o.a.j.t.JMeterThread: Thread finished: Thread Group 1-14
2024-08-17 15:26:53,384 INFO o.a.j.t.JMeterThread: Thread is done: Thread Group 1-15
2024-08-17 15:26:53,385 INFO o.a.j.t.JMeterThread: Thread finished: Thread Group 1-15
2024-08-17 15:26:53,388 INFO o.a.j.e.StandardJMeterEngine: Notifying test listeners of end of test
2024-08-17 15:26:53,389 INFO o.a.j.g.u.JMeterMenuBar: setRunning(false, *local*)
2024-08-17 15:28:58,827 INFO o.a.j.e.StandardJMeterEngine: Running the test!
2024-08-17 15:28:58,828 INFO o.a.j.s.SampleEvent: List of sample_variables: []
2024-08-17 15:28:58,830 INFO o.a.j.g.u.JMeterMenuBar: setRunning(true, *local*)
2024-08-17 15:28:58,898 INFO o.a.j.e.StandardJMeterEngine: Starting ThreadGroup: 1 : Thread Group
2024-08-17 15:28:58,898 INFO o.a.j.e.StandardJMeterEngine: Starting 15 threads for group Thread Group.
2024-08-17 15:28:58,898 INFO o.a.j.e.StandardJMeterEngine: Thread will continue on error
2024-08-17 15:28:58,898 INFO o.a.j.t.ThreadGroup: Starting thread group... number=1 threads=15 ramp-up=1 delayedStart=false
2024-08-17 15:28:58,901 INFO o.a.j.t.JMeterThread: Thread started: Thread Group 1-1
2024-08-17 15:28:58,905 INFO o.a.j.t.ThreadGroup: Started thread group number 1
2024-08-17 15:28:58,905 INFO o.a.j.e.StandardJMeterEngine: All thread groups have been started
2024-08-17 15:28:58,969 INFO o.a.j.t.JMeterThread: Thread started: Thread Group 1-2
2024-08-17 15:28:59,035 INFO o.a.j.t.JMeterThread: Thread started: Thread Group 1-3
2024-08-17 15:28:59,103 INFO o.a.j.t.JMeterThread: Thread started: Thread Group 1-4
2024-08-17 15:28:59,169 INFO o.a.j.t.JMeterThread: Thread started: Thread Group 1-5
2024-08-17 15:28:59,237 INFO o.a.j.t.JMeterThread: Thread started: Thread Group 1-6
2024-08-17 15:28:59,304 INFO o.a.j.t.JMeterThread: Thread started: Thread Group 1-7
2024-08-17 15:28:59,370 INFO o.a.j.t.JMeterThread: Thread started: Thread Group 1-8
2024-08-17 15:28:59,438 INFO o.a.j.t.JMeterThread: Thread started: Thread Group 1-9
2024-08-17 15:28:59,505 INFO o.a.j.t.JMeterThread: Thread started: Thread Group 1-10
2024-08-17 15:28:59,571 INFO o.a.j.t.JMeterThread: Thread started: Thread Group 1-11
2024-08-17 15:28:59,638 INFO o.a.j.t.JMeterThread: Thread started: Thread Group 1-12
2024-08-17 15:28:59,705 INFO o.a.j.t.JMeterThread: Thread started: Thread Group 1-13
2024-08-17 15:28:59,774 INFO o.a.j.t.JMeterThread: Thread started: Thread Group 1-14
2024-08-17 15:28:59,842 INFO o.a.j.t.JMeterThread: Thread started: Thread Group 1-15
2024-08-17 15:28:59,973 INFO o.a.j.t.JMeterThread: Thread is done: Thread Group 1-1
2024-08-17 15:28:59,974 INFO o.a.j.t.JMeterThread: Thread finished: Thread Group 1-1
2024-08-17 15:29:00,061 INFO o.a.j.t.JMeterThread: Thread is done: Thread Group 1-2
2024-08-17 15:29:00,062 INFO o.a.j.t.JMeterThread: Thread finished: Thread Group 1-2
2024-08-17 15:29:00,131 INFO o.a.j.t.JMeterThread: Thread is done: Thread Group 1-3
2024-08-17 15:29:00,132 INFO o.a.j.t.JMeterThread: Thread finished: Thread Group 1-3
2024-08-17 15:29:00,187 INFO o.a.j.t.JMeterThread: Thread is done: Thread Group 1-4
2024-08-17 15:29:00,187 INFO o.a.j.t.JMeterThread: Thread finished: Thread Group 1-4
2024-08-17 15:29:00,236 INFO o.a.j.t.JMeterThread: Thread is done: Thread Group 1-5
2024-08-17 15:29:00,237 INFO o.a.j.t.JMeterThread: Thread finished: Thread Group 1-5
2024-08-17 15:29:00,392 INFO o.a.j.t.JMeterThread: Thread is done: Thread Group 1-7
2024-08-17 15:29:00,393 INFO o.a.j.t.JMeterThread: Thread finished: Thread Group 1-7
2024-08-17 15:29:00,397 INFO o.a.j.t.JMeterThread: Thread is done: Thread Group 1-6
2024-08-17 15:29:00,397 INFO o.a.j.t.JMeterThread: Thread finished: Thread Group 1-6
2024-08-17 15:29:00,468 INFO o.a.j.t.JMeterThread: Thread is done: Thread Group 1-8
2024-08-17 15:29:00,468 INFO o.a.j.t.JMeterThread: Thread finished: Thread Group 1-8
2024-08-17 15:29:00,552 INFO o.a.j.t.JMeterThread: Thread is done: Thread Group 1-9
2024-08-17 15:29:00,554 INFO o.a.j.t.JMeterThread: Thread finished: Thread Group 1-9
2024-08-17 15:29:00,619 INFO o.a.j.t.JMeterThread: Thread is done: Thread Group 1-10
2024-08-17 15:29:00,619 INFO o.a.j.t.JMeterThread: Thread finished: Thread Group 1-10
2024-08-17 15:29:01,079 INFO o.a.j.t.JMeterThread: Thread is done: Thread Group 1-11
2024-08-17 15:29:01,079 INFO o.a.j.t.JMeterThread: Thread finished: Thread Group 1-11
2024-08-17 15:29:01,151 INFO o.a.j.t.JMeterThread: Thread is done: Thread Group 1-12
2024-08-17 15:29:01,152 INFO o.a.j.t.JMeterThread: Thread finished: Thread Group 1-12
2024-08-17 15:29:01,183 INFO o.a.j.t.JMeterThread: Thread is done: Thread Group 1-13
2024-08-17 15:29:01,183 INFO o.a.j.t.JMeterThread: Thread finished: Thread Group 1-13
2024-08-17 15:29:01,256 INFO o.a.j.t.JMeterThread: Thread is done: Thread Group 1-14
2024-08-17 15:29:01,257 INFO o.a.j.t.JMeterThread: Thread finished: Thread Group 1-14
2024-08-17 15:29:01,308 INFO o.a.j.t.JMeterThread: Thread is done: Thread Group 1-15
2024-08-17 15:29:01,309 INFO o.a.j.t.JMeterThread: Thread finished: Thread Group 1-15
2024-08-17 15:29:01,309 INFO o.a.j.e.StandardJMeterEngine: Notifying test listeners of end of test
2024-08-17 15:29:01,310 INFO o.a.j.g.u.JMeterMenuBar: setRunning(false, *local*)
